Date: 
Event: THIS IS HIT MACHINE 90-2000
Place: Le Petit Salon
city: Lyon
country: France
Style: Electro
isCancelled: false
DetailedStyle: GRANDE SALLE : DANCE - POP - ROCK - TECHNO - R'N'B - 90-2000 / PETITE SALLE : TRANCE - DANCE 90 - TECHNO
source: [object Object]
errorLog: Format de date invalide pour Le Petit Salon. Reçu "", converti en "" (attendu "dd-MM-yyyy-HH:mm")
unixDate: 0
https://yurplan.com/events/This-is-Hit-Machine-90-2000-NO2-T-Vyktor-Nova-and-More/118452

Date: sam. 02 mars 24 23:30
Event: MATHAME + ALEX WANN + MARJO
Place: Transbordeur
city: Lyon
country: France
Style: Electro
isCancelled: false
errorLog: Impossible de lire la page liée pour l'événement 'MATHAME + ALEX WANN + MARJO'. Erreur lors du téléchargement ?
DetailedStyle: MELODIC TECHNO
source: [object Object]
unixDate: 1709418600000
Time: samedi 2 mars à 23:30
altURLs: https://www.transbordeur.fr/agenda-2023-2024/mathame-alex-wann-marjo-sam-02-mars-24/
https://www.transbordeur.fr/agenda-2023-2024/mathame-alex-wann-marjo-sam-02-mars-24/

Date: mer. 06 mars 24 19:00
Event: DIONYSOS + TROY VON BALTHAZAR
Place: Transbordeur
city: Lyon
country: France
Style: Rock
isCancelled: false
errorLog: Impossible de lire la page liée pour l'événement 'DIONYSOS + TROY VON BALTHAZAR'. Erreur lors du téléchargement ?
DetailedStyle: Chanson
source: [object Object]
unixDate: 1709748000000
Time: mercredi 6 mars à 19:00
altURLs: https://www.transbordeur.fr/agenda-2023-2024/dionysos-troy-von-balthazar-mer-06-mars-24/
https://www.transbordeur.fr/agenda-2023-2024/dionysos-troy-von-balthazar-mer-06-mars-24/

Date: jeu. 07 mars 24 19:00
Event: ROMÉO ELVIS + MORGAN
Place: Transbordeur
city: Lyon
country: France
Style: Rap
isCancelled: false
errorLog: Impossible de lire la page liée pour l'événement 'ROMÉO ELVIS + MORGAN'. Erreur lors du téléchargement ?
DetailedStyle: RAP
source: [object Object]
unixDate: 1709834400000
Time: jeudi 7 mars à 19:00
altURLs: https://www.transbordeur.fr/agenda-2023-2024/romeo-elvis-morgan-jeu-07-mars-24/
https://www.transbordeur.fr/agenda-2023-2024/romeo-elvis-morgan-jeu-07-mars-24/

Date: ven. 08 mars 24 23:00
Event: CALLING MARIAN + FLEUR FROM DESIRE + KARISSA
Place: Transbordeur
city: Lyon
country: France
Style: Electro
isCancelled: false
errorLog: Impossible de lire la page liée pour l'événement 'CALLING MARIAN + FLEUR FROM DESIRE + KARISSA'. Erreur lors du téléchargement ?
DetailedStyle: ÉLECTRO
source: [object Object]
unixDate: 1709935200000
Time: vendredi 8 mars à 23:00
altURLs: https://www.transbordeur.fr/agenda-2023-2024/kaboom-2-calling-marian-fleur-from-desire-karissa-ven-08-mars-24/
https://www.transbordeur.fr/agenda-2023-2024/kaboom-2-calling-marian-fleur-from-desire-karissa-ven-08-mars-24/

Date: ven. 15 mars 24 19:00
Event: Mc Solaar
Place: Transbordeur
city: Lyon
country: France
Style: Rap
isCancelled: false
errorLog: Impossible de lire la page liée pour l'événement 'MC SOLAAR'. Erreur lors du téléchargement ?
DetailedStyle: RAP
source: [object Object]
unixDate: 1710525600000
Time: vendredi 15 mars à 19:00
altURLs: https://www.transbordeur.fr/agenda-2023-2024/mc-solaar-ven-15-mars-24/
https://www.transbordeur.fr/agenda-2023-2024/mc-solaar-ven-15-mars-24/

Date: ven. 15 mars 24 23:30
Event: MAC DECLOS + MISCHLUFT + ASIL
Place: Transbordeur
city: Lyon
country: France
Style: Electro
isCancelled: false
errorLog: Impossible de lire la page liée pour l'événement 'MAC DECLOS + MISCHLUFT + ASIL'. Erreur lors du téléchargement ?
DetailedStyle: TECHNO
source: [object Object]
unixDate: 1710541800000
Time: vendredi 15 mars à 23:30
altURLs: https://www.transbordeur.fr/agenda-2023-2024/mac-declos-mischluft-asil-ven-15-mars-24/
https://www.transbordeur.fr/agenda-2023-2024/mac-declos-mischluft-asil-ven-15-mars-24/

Date: sam. 16 mars 24 19:00
Event: Chien Noir + Gwizdek
Place: Transbordeur
city: Lyon
country: France
Style: CHANSON
isCancelled: false
errorLog: Impossible de lire la page liée pour l'événement 'CHIEN NOIR + GWIZDEK'. Erreur lors du téléchargement ?
DetailedStyle: CHANSON
source: [object Object]
unixDate: 1710612000000
Time: samedi 16 mars à 19:00
altURLs: https://www.transbordeur.fr/agenda-2023-2024/les-chants-de-mars-chien-noir-gwizdek-sam-16-mars-24/
https://www.transbordeur.fr/agenda-2023-2024/les-chants-de-mars-chien-noir-gwizdek-sam-16-mars-24/

Date: sam. 16 mars 24 23:30
Event: GARÇON SAUVAGE XXL : FANTASTIC TWINS + DOPPELGANG +...
Place: Transbordeur
city: Lyon
country: France
Style: Electro
isCancelled: false
errorLog: Impossible de lire la page liée pour l'événement 'GARÇON SAUVAGE XXL : FANTASTIC TWINS + DOPPELGANG +...'. Erreur lors du téléchargement ?
DetailedStyle: ÉLECTRO
source: [object Object]
unixDate: 1710628200000
Time: samedi 16 mars à 23:30
https://www.transbordeur.fr/agenda-2023-2024/garcon-sauvage-xxl-fantastic-twins-doppelgang-anodine-sam-16-mars-24/

Date: mer. 20 mars 24 19:00
Event: Lala & Ce
Place: Transbordeur
city: Lyon
country: France
Style: Rap
isCancelled: false
errorLog: Impossible de lire la page liée pour l'événement 'LALA &CE'. Erreur lors du téléchargement ?
DetailedStyle: RAP
source: [object Object]
unixDate: 1710957600000
Time: mercredi 20 mars à 19:00
altURLs: https://www.transbordeur.fr/agenda-2023-2024/lala-ce-mer-20-mars-24/
https://www.transbordeur.fr/agenda-2023-2024/lala-ce-mer-20-mars-24/

Date: jeu. 21 mars 24 19:00
Event: Kerchak
Place: Transbordeur
city: Lyon
country: France
Style: Rap
isCancelled: false
errorLog: Impossible de lire la page liée pour l'événement 'KERCHAK'. Erreur lors du téléchargement ?
DetailedStyle: RAP / JERSEY
source: [object Object]
unixDate: 1711044000000
Time: jeudi 21 mars à 19:00
altURLs: https://www.transbordeur.fr/agenda-2023-2024/kerchak-jeu-21-mars-24/
https://www.transbordeur.fr/agenda-2023-2024/kerchak-jeu-21-mars-24/

Date: ven. 22 mars 24 19:00
Event: MADAME ARTHUR
Place: Transbordeur
city: Lyon
country: France
Style: CABARET QUEER
isCancelled: false
errorLog: Impossible de lire la page liée pour l'événement 'MADAME ARTHUR'. Erreur lors du téléchargement ?
DetailedStyle: CABARET QUEER
source: [object Object]
unixDate: 1711130400000
Time: vendredi 22 mars à 19:00
altURLs: https://www.transbordeur.fr/agenda-2023-2024/madame-arthur-ven-22-mars-24/
https://www.transbordeur.fr/agenda-2023-2024/madame-arthur-ven-22-mars-24/

Date: sam. 23 mars 24 19:00
Event: Social Dance + Clay and Friends + Solann + Cyrious + Melba
Place: Transbordeur
city: Lyon
country: France
Style: POP / CHANSON
isCancelled: false
errorLog: Impossible de lire la page liée pour l'événement 'SOCIAL DANCE + CLAY AND FRIENDS + SOLANN +...'. Erreur lors du téléchargement ?
DetailedStyle: POP / CHANSON
source: [object Object]
unixDate: 1711216800000
Time: samedi 23 mars à 19:00
altURLs: https://www.transbordeur.fr/agenda-2023-2024/les-chants-de-mars-social-dance-clay-and-friends-solann-cyrious-melba-sam-23-mars-24/
https://www.transbordeur.fr/agenda-2023-2024/les-chants-de-mars-social-dance-clay-and-friends-solann-cyrious-melba-sam-23-mars-24/

Date: dim. 24 mars 24 18:00
Event: Shake Shake Go
Place: Transbordeur
city: Lyon
country: France
Style: INDIE POP
isCancelled: false
errorLog: Impossible de lire la page liée pour l'événement 'SHAKE SHAKE GO'. Erreur lors du téléchargement ?
DetailedStyle: Rock & Pop
source: [object Object]
unixDate: 1711299600000
Time: dimanche 24 mars à 18:00
altURLs: https://www.transbordeur.fr/agenda-2023-2024/shake-shake-go-dim-24-mars-24/
https://www.transbordeur.fr/agenda-2023-2024/shake-shake-go-dim-24-mars-24/

Date: jeu. 28 mars 24 19:00
Event: OKIS + LEO SVR + GEN + KAYNIXE +...
Place: Transbordeur
city: Lyon
country: France
Style: Rap
isCancelled: false
errorLog: Impossible de lire la page liée pour l'événement 'OKIS + LEO SVR + GEN + KAYNIXE +...'. Erreur lors du téléchargement ?
DetailedStyle: RAP
source: [object Object]
unixDate: 1711648800000
Time: jeudi 28 mars à 19:00
https://www.transbordeur.fr/agenda-2023-2024/gamberge-okis-leo-svr-gen-kaynixe-pana-miles-with-friends-jeu-28-mars-24/

Date: ven. 29 mars 24 20:00
Event: PAT KALLA & LE SUPER MOJO + GUTS + K.O.G +...
Place: Transbordeur
city: Lyon
country: France
Style: World
isCancelled: false
errorLog: Impossible de lire la page liée pour l'événement 'PAT KALLA & LE SUPER MOJO + GUTS + K.O.G +...'. Erreur lors du téléchargement ?
DetailedStyle: SONO MONDIALE
source: [object Object]
unixDate: 1711738800000
Time: vendredi 29 mars à 20:00
altURLs: https://www.transbordeur.fr/agenda-2023-2024/guts-pat-kalla-le-super-mojo-kog-ven-29-mars-24/
https://www.transbordeur.fr/agenda-2023-2024/guts-pat-kalla-le-super-mojo-kog-ven-29-mars-24/

Date: sam. 30 mars 24 18:00
Event: Les tambours du Bronx + Klone + Nanowar of Steel + Psykup
Place: Transbordeur
city: Lyon
country: France
Style: SHOW PERCUSSIF / METAL
isCancelled: false
errorLog: Impossible de lire la page liée pour l'événement 'LES TAMBOURS DU BRONX + KLONE +...'. Erreur lors du téléchargement ?
DetailedStyle: SHOW PERCUSSIF / METAL
source: [object Object]
unixDate: 1711818000000
Time: samedi 30 mars à 18:00
altURLs: https://www.transbordeur.fr/agenda-2023-2024/les-tambours-du-bronx-klone-nanowar-of-steel-psykup-sam-30-mars-24/
https://www.transbordeur.fr/agenda-2023-2024/les-tambours-du-bronx-klone-nanowar-of-steel-psykup-sam-30-mars-24/

Date: dim. 31 mars 24 17:00
Event: LILY VS QUÉBEC
Place: Transbordeur
city: Lyon
country: France
Style: IMPROVISATION THÉÂTRALE
isCancelled: false
errorLog: Impossible de lire la page liée pour l'événement 'LILY VS QUÉBEC'. Erreur lors du téléchargement ?
DetailedStyle: IMPROVISATION THÉÂTRALE
source: [object Object]
unixDate: 1711897200000
Time: dimanche 31 mars à 17:00
https://www.transbordeur.fr/agenda-2023-2024/lily-vs-quebec-dim-31-mars-24/

Date: mer. 03 avril 24 19:00
Event: FONCEDALLE
Place: Transbordeur
city: Lyon
country: France
Style: Electro
isCancelled: false
errorLog: Impossible de lire la page liée pour l'événement 'FONCEDALLE'. Erreur lors du téléchargement ?
DetailedStyle: ÉLECTRO ROCK
source: [object Object]
unixDate: 1712163600000
Time: mercredi 3 avril à 19:00
altURLs: https://www.transbordeur.fr/agenda-2023-2024/foncedalle-mer-03-avr-24/
https://www.transbordeur.fr/agenda-2023-2024/foncedalle-mer-03-avr-24/

Date: jeu. 04 avril 24 19:00
Event: Luther
Place: Transbordeur
city: Lyon
country: France
Style: Rap
isCancelled: false
errorLog: Impossible de lire la page liée pour l'événement 'LUTHER'. Erreur lors du téléchargement ?
DetailedStyle: RAP
source: [object Object]
unixDate: 1712250000000
Time: jeudi 4 avril à 19:00
altURLs: https://www.transbordeur.fr/agenda-2023-2024/luther-jeu-04-avr-24/
https://www.transbordeur.fr/agenda-2023-2024/luther-jeu-04-avr-24/

Date: ven. 05 avril 24 19:00
Event: Keen'V
Place: Transbordeur
city: Lyon
country: France
Style: CHANSON
isCancelled: false
errorLog: Impossible de lire la page liée pour l'événement 'KEEN'V'. Erreur lors du téléchargement ?
DetailedStyle: CHANSON
source: [object Object]
unixDate: 1712336400000
Time: vendredi 5 avril à 19:00
altURLs: https://www.transbordeur.fr/agenda-2023-2024/keenv-ven-05-avr-24/
https://www.transbordeur.fr/agenda-2023-2024/keenv-ven-05-avr-24/

Date: sam. 06 avril 24 23:30
Event: DUB ECHO #44 : O.B.F X IRATION STEPPAS +...
Place: Transbordeur
city: Lyon
country: France
Style: ORIGINAL DUB CULTURE
isCancelled: false
errorLog: Impossible de lire la page liée pour l'événement 'DUB ECHO #44 : O.B.F X IRATION STEPPAS +...'. Erreur lors du téléchargement ?
DetailedStyle: ORIGINAL DUB CULTURE
source: [object Object]
unixDate: 1712439000000
Time: samedi 6 avril à 23:30
https://www.transbordeur.fr/agenda-2023-2024/dub-echo-44-obf-x-iration-steppas-mysticwood-dubquake-records-family-sam-06-avr-24/

Date: mar. 09 avril 24 19:00
Event: ELOÏZ
Place: Transbordeur
city: Lyon
country: France
Style: POP FOLK
isCancelled: false
errorLog: Impossible de lire la page liée pour l'événement 'ELOÏZ'. Erreur lors du téléchargement ?
DetailedStyle: POP FOLK
source: [object Object]
unixDate: 1712682000000
Time: mardi 9 avril à 19:00
altURLs: https://www.transbordeur.fr/agenda-2023-2024/eloiz-mar-09-avr-24/
https://www.transbordeur.fr/agenda-2023-2024/eloiz-mar-09-avr-24/

Date: mer. 10 avril 24 19:00
Event: LES 3 ACCORDS
Place: Transbordeur
city: Lyon
country: France
Style: Rock
isCancelled: false
errorLog: Impossible de lire la page liée pour l'événement 'LES 3 ACCORDS'. Erreur lors du téléchargement ?
DetailedStyle: POP ROCK HUMORISTIQUE
source: [object Object]
unixDate: 1712768400000
Time: mercredi 10 avril à 19:00
https://www.transbordeur.fr/agenda-2023-2024/les-3-accords-mer-10-avr-24/

Date: ven. 12 avril 24 19:00
Event: YARD ACT + MURKAGE DAVE
Place: Transbordeur
city: Lyon
country: France
Style: POST PUNK
isCancelled: false
errorLog: Impossible de lire la page liée pour l'événement 'YARD ACT + MURKAGE DAVE'. Erreur lors du téléchargement ?
DetailedStyle: Rock & Pop / Post-punk
source: [object Object]
unixDate: 1712941200000
Time: vendredi 12 avril à 19:00
altURLs: https://www.transbordeur.fr/agenda-2023-2024/yard-act-murkage-dave-ven-12-avr-24/
https://www.transbordeur.fr/agenda-2023-2024/yard-act-murkage-dave-ven-12-avr-24/

Date: sam. 13 avril 24 23:30
Event: 23:59 x BLACKWORKS : APHØTIC + DEXPHASE +...
Place: Transbordeur
city: Lyon
country: France
Style: Electro
isCancelled: false
errorLog: Impossible de lire la page liée pour l'événement '23:59 x BLACKWORKS : APHØTIC + DEXPHASE +...'. Erreur lors du téléchargement ?
DetailedStyle: HARD TECHNO
source: [object Object]
unixDate: 1713043800000
Time: samedi 13 avril à 23:30
https://www.transbordeur.fr/agenda-2023-2024/blackworks-x-2359-aphoetic-dexphase-jan-vercauteren-sam-13-avr-24/

Date: mer. 17 avril 24 19:00
Event: Tip Stevens
Place: Transbordeur
city: Lyon
country: France
Style: Electro
isCancelled: false
errorLog: Impossible de lire la page liée pour l'événement 'TIP STEVENS'. Erreur lors du téléchargement ?
DetailedStyle: ROCK ÉLECTRO
source: [object Object]
unixDate: 1713373200000
Time: mercredi 17 avril à 19:00
altURLs: https://www.transbordeur.fr/agenda-2023-2024/tip-stevens-mer-17-avr-24/
https://www.transbordeur.fr/agenda-2023-2024/tip-stevens-mer-17-avr-24/

Date: jeu. 18 avril 24 19:00
Event: Zoufris Maracas + Maggy Bolle
Place: Transbordeur
city: Lyon
country: France
Style: CHANSON
isCancelled: false
errorLog: Impossible de lire la page liée pour l'événement 'ZOUFRIS MARACAS + MAGGY BOLLE'. Erreur lors du téléchargement ?
DetailedStyle: CHANSON
source: [object Object]
unixDate: 1713459600000
Time: jeudi 18 avril à 19:00
altURLs: https://www.transbordeur.fr/agenda-2023-2024/zoufris-maracas-maggy-bolle-jeu-18-avr-24/
https://www.transbordeur.fr/agenda-2023-2024/zoufris-maracas-maggy-bolle-jeu-18-avr-24/

Date: ven. 19 avril 24 19:00
Event: Kalash Criminel
Place: Transbordeur
city: Lyon
country: France
Style: Rap
isCancelled: false
errorLog: Impossible de lire la page liée pour l'événement 'KALASH CRIMINEL'. Erreur lors du téléchargement ?
DetailedStyle: Rap
source: [object Object]
unixDate: 1713546000000
Time: vendredi 19 avril à 19:00
altURLs: https://www.transbordeur.fr/agenda-2023-2024/kalash-criminel-ven-19-avr-24/
https://www.transbordeur.fr/agenda-2023-2024/kalash-criminel-ven-19-avr-24/

Date: ven. 19 avril 24 23:30
Event: EZ! #91 : MOODY GOOD + KUMARION +...
Place: Transbordeur
city: Lyon
country: France
Style: HEAVY BASS NIGHT
isCancelled: false
errorLog: Impossible de lire la page liée pour l'événement 'EZ! #91 : MOODY GOOD + KUMARION +...'. Erreur lors du téléchargement ?
DetailedStyle: HEAVY BASS NIGHT
source: [object Object]
unixDate: 1713562200000
Time: vendredi 19 avril à 23:30
https://www.transbordeur.fr/agenda-2023-2024/ez-91-moody-good-kumarion-ecraze-ven-19-avr-24/

Date: sam. 20 avril 24 19:00
Event: Joe Bel
Place: Transbordeur
city: Lyon
country: France
Style: POP FOLK
isCancelled: false
errorLog: Impossible de lire la page liée pour l'événement 'JOE BEL'. Erreur lors du téléchargement ?
DetailedStyle: Rock & Pop / Pop & folk
source: [object Object]
unixDate: 1713632400000
Time: samedi 20 avril à 19:00
altURLs: https://www.transbordeur.fr/agenda-2023-2024/joe-bel-sam-20-avr-24/
https://www.transbordeur.fr/agenda-2023-2024/joe-bel-sam-20-avr-24/

Date: sam. 20 avril 24 23:30
Event: SHLØMO + KRL MX + ZORZA +...
Place: Transbordeur
city: Lyon
country: France
Style: Electro
isCancelled: false
errorLog: Impossible de lire la page liée pour l'événement 'SHLØMO + KRL MX + ZORZA +...'. Erreur lors du téléchargement ?
DetailedStyle: TECHNO
source: [object Object]
unixDate: 1713648600000
Time: samedi 20 avril à 23:30
https://www.transbordeur.fr/agenda-2023-2024/shloemo-krl-mx-zorza-ven-20-avr-24/

Date: mer. 24 avril 24 19:00
Event: FFF
Place: Transbordeur
city: Lyon
country: France
Style: Rock
isCancelled: false
errorLog: Impossible de lire la page liée pour l'événement 'FFF'. Erreur lors du téléchargement ?
DetailedStyle: FUNK / ROCK
source: [object Object]
unixDate: 1713978000000
Time: mercredi 24 avril à 19:00
altURLs: https://www.transbordeur.fr/agenda-2023-2024/fff-mer-24-avr-24/
https://www.transbordeur.fr/agenda-2023-2024/fff-mer-24-avr-24/

Date: jeu. 25 avril 24 19:00
Event: Chinese Man + Dubanko
Place: Transbordeur
city: Lyon
country: France
Style: Electro
isCancelled: false
errorLog: Impossible de lire la page liée pour l'événement 'CHINESE MAN + DUBANKO'. Erreur lors du téléchargement ?
DetailedStyle: Musiques Electroniques
source: [object Object]
unixDate: 1714064400000
Time: jeudi 25 avril à 19:00
altURLs: https://www.transbordeur.fr/agenda-2023-2024/chinese-man-dubanko-jeu-25-avr-24/
https://www.transbordeur.fr/agenda-2023-2024/chinese-man-dubanko-jeu-25-avr-24/

Date: ven. 26 avril 24 19:00
Event: La Yegros + Pambélé + Luiza
Place: Transbordeur
city: Lyon
country: France
Style: NUEVA CUMBIA
isCancelled: false
errorLog: Impossible de lire la page liée pour l'événement 'LA YEGROS + PAMBELÉ + LUIZA'. Erreur lors du téléchargement ?
DetailedStyle: Sono Mondiale
source: [object Object]
unixDate: 1714150800000
Time: vendredi 26 avril à 19:00
altURLs: https://www.transbordeur.fr/agenda-2023-2024/la-yegros-pambele-luiza-ven-26-avr-24/
https://www.transbordeur.fr/agenda-2023-2024/la-yegros-pambele-luiza-ven-26-avr-24/

Date: sam. 27 avril 24 17:00
Event: STONED JESUS + KARRAS + GRANDMA'S ASHES +...
Place: Transbordeur
city: Lyon
country: France
Style: METAL 4 THE PLANET
isCancelled: false
errorLog: Impossible de lire la page liée pour l'événement 'STONED JESUS + KARRAS + GRANDMA'S ASHES +...'. Erreur lors du téléchargement ?
DetailedStyle: METAL 4 THE PLANET
source: [object Object]
unixDate: 1714230000000
Time: samedi 27 avril à 17:00
altURLs: https://www.transbordeur.fr/agenda-2023-2024/metal-4-the-planet-stoned-jesus-karras-grandmas-ashes-vertex-sam-27-avr-24/
https://www.transbordeur.fr/agenda-2023-2024/metal-4-the-planet-stoned-jesus-karras-grandmas-ashes-vertex-sam-27-avr-24/

Date: sam. 27 avril 24 23:30
Event: [NO GENDER] X NAKT : PARFAIT + BLASPHÈME +...
Place: Transbordeur
city: Lyon
country: France
Style: Electro
isCancelled: false
errorLog: Impossible de lire la page liée pour l'événement '[NO GENDER] X NAKT : PARFAIT + BLASPHÈME +...'. Erreur lors du téléchargement ?
DetailedStyle: TECHNO QUEER PUNK
source: [object Object]
unixDate: 1714253400000
Time: samedi 27 avril à 23:30
https://www.transbordeur.fr/agenda-2023-2024/no-gender-x-nakt-parfait-blaspheme-angel-karel-sam-27-avr-24/

Date: lun. 29 avril 24 19:00
Event: Declan Mckenna
Place: Transbordeur
city: Lyon
country: France
Style: Rock
isCancelled: false
errorLog: Impossible de lire la page liée pour l'événement 'DECLAN MCKENNA'. Erreur lors du téléchargement ?
DetailedStyle: INDIE ROCK
source: [object Object]
unixDate: 1714410000000
Time: lundi 29 avril à 19:00
altURLs: https://www.transbordeur.fr/agenda-2023-2024/declan-mckenna-lun-29-avr-24/
https://www.transbordeur.fr/agenda-2023-2024/declan-mckenna-lun-29-avr-24/

Date: mar. 30 avril 24 19:00
Event: GWENDOLINE
Place: Transbordeur
city: Lyon
country: France
Style: SCHLAGWAVE / NEW WAVE
isCancelled: false
errorLog: Impossible de lire la page liée pour l'événement 'GWENDOLINE'. Erreur lors du téléchargement ?
DetailedStyle: SCHLAGWAVE / NEW WAVE
source: [object Object]
unixDate: 1714496400000
Time: mardi 30 avril à 19:00
altURLs: https://www.transbordeur.fr/agenda-2023-2024/gwendoline-mar-30-avr-24/
https://www.transbordeur.fr/agenda-2023-2024/gwendoline-mar-30-avr-24/

Date: jeu. 02 mai 24 19:00
Event: MOJI X SBOY
Place: Transbordeur
city: Lyon
country: France
Style: Rap
isCancelled: false
errorLog: Impossible de lire la page liée pour l'événement 'MOJI X SBOY'. Erreur lors du téléchargement ?
DetailedStyle: RAP
source: [object Object]
unixDate: 1714669200000
Time: jeudi 2 mai à 19:00
altURLs: https://www.transbordeur.fr/agenda-2023-2024/moji-x-sboy-jeu-02-mai-24/
https://www.transbordeur.fr/agenda-2023-2024/moji-x-sboy-jeu-02-mai-24/

Date: sam. 04 mai 24 19:00
Event: LA FÈVE
Place: Transbordeur
city: Lyon
country: France
Style: Rap
isCancelled: false
errorLog: Impossible de lire la page liée pour l'événement 'LA FÈVE'. Erreur lors du téléchargement ?
DetailedStyle: RAP
source: [object Object]
unixDate: 1714842000000
Time: samedi 4 mai à 19:00
altURLs: https://www.transbordeur.fr/agenda-2023-2024/la-feve-sam-04-mai-24/
https://www.transbordeur.fr/agenda-2023-2024/la-feve-sam-04-mai-24/

Date: mar. 07 mai 24 19:00
Event: NUITS SONORES : AUTECHRE
Place: Transbordeur
city: Lyon
country: France
Style: Electro
isCancelled: false
errorLog: Impossible de lire la page liée pour l'événement 'NUITS SONORES : AUTECHRE'. Erreur lors du téléchargement ?
DetailedStyle: ÉLECTRO / AMBIENT
source: [object Object]
unixDate: 1715101200000
Time: mardi 7 mai à 19:00
altURLs: https://www.transbordeur.fr/agenda-2023-2024/nuits-sonores-autechre-mar-07-mai-24/
https://www.transbordeur.fr/agenda-2023-2024/nuits-sonores-autechre-mar-07-mai-24/

Date: ven. 10 mai 24 19:00
Event: NUITS SONORES : TROUBLES
Place: Transbordeur
city: Lyon
country: France
Style: LECTURE CONCERT
isCancelled: false
errorLog: Impossible de lire la page liée pour l'événement 'NUITS SONORES : TROUBLES'. Erreur lors du téléchargement ?
DetailedStyle: LECTURE CONCERT
source: [object Object]
unixDate: 1715360400000
Time: vendredi 10 mai à 19:00
altURLs: https://www.transbordeur.fr/agenda-2023-2024/nuits-sonores-troubles-ven-10-mai-24/
https://www.transbordeur.fr/agenda-2023-2024/nuits-sonores-troubles-ven-10-mai-24/

Date: mer. 15 mai 24 19:00
Event: DALÍ
Place: Transbordeur
city: Lyon
country: France
Style: Rap
isCancelled: false
errorLog: Impossible de lire la page liée pour l'événement 'DALÍ'. Erreur lors du téléchargement ?
DetailedStyle: RAP
source: [object Object]
unixDate: 1715792400000
Time: mercredi 15 mai à 19:00
altURLs: https://www.transbordeur.fr/agenda-2023-2024/dali-mer-15-mai-24/
https://www.transbordeur.fr/agenda-2023-2024/dali-mer-15-mai-24/

Date: jeu. 16 mai 24 19:00
Event: Eloi
Place: Transbordeur
city: Lyon
country: France
Style: SYNTHPOP / HYPERPOP
isCancelled: false
errorLog: Impossible de lire la page liée pour l'événement 'ELOI'. Erreur lors du téléchargement ?
DetailedStyle: Musiques Electroniques
source: [object Object]
unixDate: 1715878800000
Time: jeudi 16 mai à 19:00
altURLs: https://www.transbordeur.fr/agenda-2023-2024/eloi-jeu-16-mai-24/
https://www.transbordeur.fr/agenda-2023-2024/eloi-jeu-16-mai-24/

Date: ven. 24 mai 24 19:00
Event: Dena Mwana
Place: Transbordeur
city: Lyon
country: France
Style: GOSPEL
isCancelled: false
errorLog: Impossible de lire la page liée pour l'événement 'DENA MWANA'. Erreur lors du téléchargement ?
DetailedStyle: Classique & Lyrique / Gospel
source: [object Object]
unixDate: 1716570000000
Time: vendredi 24 mai à 19:00
altURLs: https://www.transbordeur.fr/agenda-2023-2024/dena-mwana-ven-24-mai-24/
https://www.transbordeur.fr/agenda-2023-2024/dena-mwana-ven-24-mai-24/

Date: dim. 26 mai 24 19:00
Event: Hang Massive
Place: Transbordeur
city: Lyon
country: France
Style: HANG MUSIC / AMBIENT HYPNOTIQUE
isCancelled: false
errorLog: Impossible de lire la page liée pour l'événement 'HANG MASSIVE'. Erreur lors du téléchargement ?
DetailedStyle: HANG MUSIC / AMBIENT HYPNOTIQUE
source: [object Object]
unixDate: 1716742800000
Time: dimanche 26 mai à 19:00
altURLs: https://www.transbordeur.fr/agenda-2023-2024/hang-massive-dim-26-mai-24/
https://www.transbordeur.fr/agenda-2023-2024/hang-massive-dim-26-mai-24/

Date: mar. 28 mai 24 19:00
Event: YEULE
Place: Transbordeur
city: Lyon
country: France
Style: POP EXPÉRIMENTALE
isCancelled: false
errorLog: Impossible de lire la page liée pour l'événement 'YEULE'. Erreur lors du téléchargement ?
DetailedStyle: POP EXPÉRIMENTALE
source: [object Object]
unixDate: 1716915600000
Time: mardi 28 mai à 19:00
altURLs: https://www.transbordeur.fr/agenda-2023-2024/yeule-mar-28-mai-24/
https://www.transbordeur.fr/agenda-2023-2024/yeule-mar-28-mai-24/

Date: mer. 29 mai 24 19:00
Event: Chelsea Wolfe + Kaelan Mikla
Place: Transbordeur
city: Lyon
country: France
Style: DARK FOLK / DOOM METAL
isCancelled: false
errorLog: Impossible de lire la page liée pour l'événement 'CHELSEA WOLFE + KAELAN MIKLA'. Erreur lors du téléchargement ?
DetailedStyle: DARK FOLK / DOOM METAL
source: [object Object]
unixDate: 1717002000000
Time: mercredi 29 mai à 19:00
altURLs: https://www.transbordeur.fr/agenda-2023-2024/chelsea-wolfe-kaelan-mikla-mer-29-mai-24/
https://www.transbordeur.fr/agenda-2023-2024/chelsea-wolfe-kaelan-mikla-mer-29-mai-24/

Date: dim. 02 juin 24 19:00
Event: Osees
Place: Transbordeur
city: Lyon
country: France
Style: Rock
isCancelled: false
errorLog: Impossible de lire la page liée pour l'événement 'OSEES'. Erreur lors du téléchargement ?
DetailedStyle: Rock & Pop / Garage rock
source: [object Object]
unixDate: 1717347600000
Time: dimanche 2 juin à 19:00
altURLs: https://www.transbordeur.fr/agenda-2023-2024/osees-dim-02-juin-24/
https://www.transbordeur.fr/agenda-2023-2024/osees-dim-02-juin-24/

Date: jeu. 06 juin 24 19:00
Event: GUY2BEZBAR
Place: Transbordeur
city: Lyon
country: France
Style: Rap
isCancelled: false
errorLog: Impossible de lire la page liée pour l'événement 'GUY2BEZBAR'. Erreur lors du téléchargement ?
DetailedStyle: RAP
source: [object Object]
unixDate: 1717693200000
Time: jeudi 6 juin à 19:00
https://www.transbordeur.fr/agenda-2023-2024/guy2bezbar-jeu-06-juin-24/

Date: ven. 07 juin 24 19:00
Event: LES FATALS PICARDS
Place: Transbordeur
city: Lyon
country: France
Style: Rock
isCancelled: false
errorLog: Impossible de lire la page liée pour l'événement 'LES FATALS PICARDS'. Erreur lors du téléchargement ?
DetailedStyle: CHANSON ROCK
source: [object Object]
unixDate: 1717779600000
Time: vendredi 7 juin à 19:00
https://www.transbordeur.fr/agenda-2023-2024/les-fatals-picards-ven-07-juin-24/

Date: lun. 10 juin 24 19:00
Event: ALIEN WEAPONRY
Place: Transbordeur
city: Lyon
country: France
Style: THRASH METAL / TE REO
isCancelled: false
errorLog: Impossible de lire la page liée pour l'événement 'ALIEN WEAPONRY'. Erreur lors du téléchargement ?
DetailedStyle: THRASH METAL / TE REO
source: [object Object]
unixDate: 1718038800000
Time: lundi 10 juin à 19:00
altURLs: https://www.transbordeur.fr/agenda-2023-2024/alien-weaponry-lun-10-juin-24/
https://www.transbordeur.fr/agenda-2023-2024/alien-weaponry-lun-10-juin-24/

Date: jeu. 13 juin 24 19:00
Event: FRUSTRATION + MARTIN DUPONT...
Place: Transbordeur
city: Lyon
country: France
Style: POST PUNK / COLD WAVE
isCancelled: false
errorLog: Impossible de lire la page liée pour l'événement 'FRUSTRATION + MARTIN DUPONT...'. Erreur lors du téléchargement ?
DetailedStyle: POST PUNK / COLD WAVE
source: [object Object]
unixDate: 1718298000000
Time: jeudi 13 juin à 19:00
altURLs: https://www.transbordeur.fr/agenda-2023-2024/frustration-martin-dupont-dj-chuimix-jeu-13-juin-24/
https://www.transbordeur.fr/agenda-2023-2024/frustration-martin-dupont-dj-chuimix-jeu-13-juin-24/

Date: lun. 24 juin 24 18:00
Event: WHILE SHE SLEEPS + BURY TOMORROW + ERRA +...
Place: Transbordeur
city: Lyon
country: France
Style: METALCORE
isCancelled: false
errorLog: Impossible de lire la page liée pour l'événement 'WHILE SHE SLEEPS + BURY TOMORROW + ERRA +...'. Erreur lors du téléchargement ?
DetailedStyle: METALCORE
source: [object Object]
unixDate: 1719244800000
Time: lundi 24 juin à 18:00
altURLs: https://www.transbordeur.fr/agenda-2023-2024/while-she-sleeps-bury-tomorrow-erra-lun-24-juin-24/
https://www.transbordeur.fr/agenda-2023-2024/while-she-sleeps-bury-tomorrow-erra-lun-24-juin-24/

Date: mar. 25 juin 24 19:00
Event: ASINHELL + ENDSEEKER
Place: Transbordeur
city: Lyon
country: France
Style: DEATH METAL
isCancelled: false
errorLog: Impossible de lire la page liée pour l'événement 'ASINHELL + ENDSEEKER'. Erreur lors du téléchargement ?
DetailedStyle: DEATH METAL
source: [object Object]
unixDate: 1719334800000
Time: mardi 25 juin à 19:00
altURLs: https://www.transbordeur.fr/agenda-2023-2024/asinhell-endseeker-mar-25-juin-24/
https://www.transbordeur.fr/agenda-2023-2024/asinhell-endseeker-mar-25-juin-24/

Date: lun. 01 juil. 24 19:00
Event: STEEL PANTHER
Place: Transbordeur
city: Lyon
country: France
Style: GLAM METAL
isCancelled: false
errorLog: Impossible de lire la page liée pour l'événement 'STEEL PANTHER'. Erreur lors du téléchargement ?
DetailedStyle: GLAM METAL
source: [object Object]
unixDate: 1719853200000
Time: lundi 1 juillet à 19:00
altURLs: https://www.transbordeur.fr/agenda-2023-2024/steel-panther-lun-01-juil-24/
https://www.transbordeur.fr/agenda-2023-2024/steel-panther-lun-01-juil-24/

Date: mer. 02 oct. 24 19:00
Event: PRETENDERS
Place: Transbordeur
city: Lyon
country: France
Style: Rock
isCancelled: false
errorLog: Impossible de lire la page liée pour l'événement 'PRETENDERS'. Erreur lors du téléchargement ?
DetailedStyle: ROCK
source: [object Object]
unixDate: 1727888400000
Time: mercredi 2 octobre à 19:00
altURLs: https://www.transbordeur.fr/agenda-2024-2025/pretenders-mer-02-oct-24/
https://www.transbordeur.fr/agenda-2024-2025/pretenders-mer-02-oct-24/

Date: mer. 16 oct. 24 19:00
Event: PURPLE DISCO MACHINE
Place: Transbordeur
city: Lyon
country: France
Style: DISCO / FUNK
isCancelled: false
errorLog: Impossible de lire la page liée pour l'événement 'PURPLE DISCO MACHINE'. Erreur lors du téléchargement ?
DetailedStyle: DISCO / FUNK
source: [object Object]
unixDate: 1729098000000
Time: mercredi 16 octobre à 19:00
altURLs: https://www.transbordeur.fr/agenda-2024-2025/purple-disco-machine-mer-16-oct-24/
https://www.transbordeur.fr/agenda-2024-2025/purple-disco-machine-mer-16-oct-24/

Date: mer. 23 oct. 24 19:00
Event: MARCUS KING
Place: Transbordeur
city: Lyon
country: France
Style: Rock
isCancelled: false
errorLog: Impossible de lire la page liée pour l'événement 'MARCUS KING'. Erreur lors du téléchargement ?
DetailedStyle: BLUES / ROCK
source: [object Object]
unixDate: 1729702800000
Time: mercredi 23 octobre à 19:00
altURLs: https://www.transbordeur.fr/agenda-2024-2025/marcus-king-mer-23-oct-24/
https://www.transbordeur.fr/agenda-2024-2025/marcus-king-mer-23-oct-24/

Date: mar. 29 oct. 24 18:30
Event: ACCEPT
Place: Transbordeur
city: Lyon
country: France
Style: HEAVY METAL
isCancelled: false
errorLog: Impossible de lire la page liée pour l'événement 'ACCEPT'. Erreur lors du téléchargement ?
DetailedStyle: HEAVY METAL
source: [object Object]
unixDate: 1730223000000
Time: mardi 29 octobre à 18:30
altURLs: https://www.transbordeur.fr/agenda-2024-2025/accept-mar-29-oct-24/
https://www.transbordeur.fr/agenda-2024-2025/accept-mar-29-oct-24/

Date: mer. 06 nov. 24 19:00
Event: METZ
Place: Transbordeur
city: Lyon
country: France
Style: Rock
isCancelled: false
errorLog: Impossible de lire la page liée pour l'événement 'METZ'. Erreur lors du téléchargement ?
DetailedStyle: NOISE ROCK
source: [object Object]
unixDate: 1730916000000
Time: mercredi 6 novembre à 19:00
altURLs: https://www.transbordeur.fr/agenda-2024-2025/metz-mer-06-nov-24/
https://www.transbordeur.fr/agenda-2024-2025/metz-mer-06-nov-24/

Date: ven. 08 nov. 24 19:00
Event: HATIK
Place: Transbordeur
city: Lyon
country: France
Style: Rap
isCancelled: false
errorLog: Impossible de lire la page liée pour l'événement 'HATIK'. Erreur lors du téléchargement ?
DetailedStyle: RAP
source: [object Object]
unixDate: 1731088800000
Time: vendredi 8 novembre à 19:00
altURLs: https://www.transbordeur.fr/agenda-2024-2025/hatik-full-band-ven-08-nov-24/
https://www.transbordeur.fr/agenda-2024-2025/hatik-full-band-ven-08-nov-24/

Date: ven. 22 nov. 24 19:00
Event: JOSEPH KAMEL
Place: Transbordeur
city: Lyon
country: France
Style: CHANSON POP
isCancelled: false
errorLog: Impossible de lire la page liée pour l'événement 'JOSEPH KAMEL'. Erreur lors du téléchargement ?
DetailedStyle: CHANSON POP
source: [object Object]
unixDate: 1732298400000
Time: vendredi 22 novembre à 19:00
altURLs: https://www.transbordeur.fr/agenda-2024-2025/joseph-kamel-ven-22-nov-24/
https://www.transbordeur.fr/agenda-2024-2025/joseph-kamel-ven-22-nov-24/

Date: mer. 27 nov. 24 19:00
Event: HOUDI
Place: Transbordeur
city: Lyon
country: France
Style: Rap
isCancelled: false
errorLog: Impossible de lire la page liée pour l'événement 'HOUDI'. Erreur lors du téléchargement ?
DetailedStyle: RAP
source: [object Object]
unixDate: 1732730400000
Time: mercredi 27 novembre à 19:00
altURLs: https://www.transbordeur.fr/agenda-2024-2025/houdi-mer-27-nov-24/
https://www.transbordeur.fr/agenda-2024-2025/houdi-mer-27-nov-24/

Date: jeu. 30 janv. 25 19:00
Event: PUGGY
Place: Transbordeur
city: Lyon
country: France
Style: Rock
isCancelled: false
errorLog: Impossible de lire la page liée pour l'événement 'PUGGY'. Erreur lors du téléchargement ?
DetailedStyle: POP ROCK
source: [object Object]
unixDate: 1738260000000
Time: jeudi 30 janvier à 19:00
altURLs: https://www.transbordeur.fr/agenda-2024-2025/puggy-jeu-30-jan-25/
https://www.transbordeur.fr/agenda-2024-2025/puggy-jeu-30-jan-25/

Date: 
Event: 
Place: Terminal Club
city: Lyon
country: France
isCancelled: false
DetailedStyle: 
Style: Electro
source: [object Object]
errorLog: Format de date invalide pour Terminal Club. Reçu "", converti en "" (attendu "dd-MM-yy")
unixDate: 0
https://www.terminal-club.com/evenement-multiple/mois/?shortcode=b6439857

Date: Du 22 au 24 mai 2024, à 20h30
Event: Alexis HK + Benoît Doremus
Place: À Thou Bout d'Chant
city: Lyon
country: France
Style: Chanson
isCancelled: false
DetailedStyle: Chanson
source: [object Object]
errorLog: Format de date invalide pour Le Petit Bulletin. Reçu "Du 22 au 24 mai 2024, à 20h30", converti en "22-24-05-2024-20:30" (attendu "dd-MM-yyyy-HH:mm")
unixDate: 0
https://www.petit-bulletin.fr/lyon/agenda-309715-alexis-hk-benoit-doremus.html

Date: Du 24 au 26 mai 2024, ven à 19h30, dim à 16h
Event: Così fan tutte
Place: Auditorium de Lyon
city: Lyon
country: France
Style: Classique
isCancelled: false
DetailedStyle: Classique & Lyrique
source: [object Object]
errorLog: Format de date invalide pour Le Petit Bulletin. Reçu "Du 24 au 26 mai 2024, ven à 19h30, dim à 16h", converti en "24-26-05-2024-19:30" (attendu "dd-MM-yyyy-HH:mm")
unixDate: 0
https://www.petit-bulletin.fr/lyon/agenda-309454-cosi-fan-tutte.html

Date: Du 17 au 23 mars 2024, dim et sam à 16h, lun, mar 
Event: Otages
Place: Théâtre de la Croix-Rousse
city: Lyon
country: France
Style: Classique
isCancelled: false
DetailedStyle: Classique & Lyrique / Opéra
source: [object Object]
errorLog: Format de date invalide pour Le Petit Bulletin. Reçu "Du 17 au 23 mars 2024, dim et sam à 16h, lun, mar ", converti en "17-23-03-2024-16:03" (attendu "dd-MM-yyyy-HH:mm")
unixDate: 0
https://www.petit-bulletin.fr/lyon/agenda-308401-otages.html

Date: Du 17 au 23 mars 2024, dim et sam à ven à 20h, jeu à 19h30
Event: Otages
Place: Théâtre de la Croix-Rousse
city: Lyon
country: France
Style: Classique
isCancelled: false
DetailedStyle: Classique & Lyrique / Opéra
source: [object Object]
errorLog: Format de date invalide pour Le Petit Bulletin. Reçu "Du 17 au 23 mars 2024, dim et sam à ven à 20h, jeu à 19h30", converti en "17-23-03-2024-20:19:30" (attendu "dd-MM-yyyy-HH:mm")
unixDate: 0
https://www.petit-bulletin.fr/lyon/agenda-308401-otages.html

